[CC] .q2pro/src/common/bsp.o
[CC] .q2pro/src/common/cmd.o
[CC] .q2pro/src/common/cmodel.o
[CC] .q2pro/src/common/common.o
[CC] .q2pro/src/common/cvar.o
[CC] .q2pro/src/common/error.o
[CC] .q2pro/src/common/field.o
[CC] .q2pro/src/common/fifo.o
[CC] .q2pro/src/common/files.o
[CC] .q2pro/src/common/math.o
[CC] .q2pro/src/common/mdfour.o
[CC] .q2pro/src/common/msg.o
[CC] .q2pro/src/common/net/chan.o
[CC] .q2pro/src/common/net/net.o
In file included from src/common/net/net.c:23:
src/common/net/net.c: In function ‘NET_Stats_f’:
src/common/net/net.c:430:16: warning: unknown conversion type character ‘l’ in format [-Wformat=]
  430 |     Com_Printf("Bytes sent: %"PRIu64" (%"PRIu64" bytes/sec)\n",
      |                ^~~~~~~~~~~~~~~
./inc/shared/shared.h:106:48: note: in definition of macro ‘Com_Printf’
  106 | #define Com_Printf(...) Com_LPrintf(PRINT_ALL, __VA_ARGS__)
      |                                                ^~~~~~~~~~~
src/common/net/net.c:430:16: warning: unknown conversion type character ‘l’ in format [-Wformat=]
  430 |     Com_Printf("Bytes sent: %"PRIu64" (%"PRIu64" bytes/sec)\n",
      |                ^~~~~~~~~~~~~~~
./inc/shared/shared.h:106:48: note: in definition of macro ‘Com_Printf’
  106 | #define Com_Printf(...) Com_LPrintf(PRINT_ALL, __VA_ARGS__)
      |                                                ^~~~~~~~~~~
src/common/net/net.c:430:16: warning: too many arguments for format [-Wformat-extra-args]
  430 |     Com_Printf("Bytes sent: %"PRIu64" (%"PRIu64" bytes/sec)\n",
      |                ^~~~~~~~~~~~~~~
./inc/shared/shared.h:106:48: note: in definition of macro ‘Com_Printf’
  106 | #define Com_Printf(...) Com_LPrintf(PRINT_ALL, __VA_ARGS__)
      |                                                ^~~~~~~~~~~
src/common/net/net.c:432:16: warning: unknown conversion type character ‘l’ in format [-Wformat=]
  432 |     Com_Printf("Bytes rcvd: %"PRIu64" (%"PRIu64" bytes/sec)\n",
      |                ^~~~~~~~~~~~~~~
./inc/shared/shared.h:106:48: note: in definition of macro ‘Com_Printf’
  106 | #define Com_Printf(...) Com_LPrintf(PRINT_ALL, __VA_ARGS__)
      |                                                ^~~~~~~~~~~
src/common/net/net.c:432:16: warning: unknown conversion type character ‘l’ in format [-Wformat=]
  432 |     Com_Printf("Bytes rcvd: %"PRIu64" (%"PRIu64" bytes/sec)\n",
      |                ^~~~~~~~~~~~~~~
./inc/shared/shared.h:106:48: note: in definition of macro ‘Com_Printf’
  106 | #define Com_Printf(...) Com_LPrintf(PRINT_ALL, __VA_ARGS__)
      |                                                ^~~~~~~~~~~
src/common/net/net.c:432:16: warning: too many arguments for format [-Wformat-extra-args]
  432 |     Com_Printf("Bytes rcvd: %"PRIu64" (%"PRIu64" bytes/sec)\n",
      |                ^~~~~~~~~~~~~~~
./inc/shared/shared.h:106:48: note: in definition of macro ‘Com_Printf’
  106 | #define Com_Printf(...) Com_LPrintf(PRINT_ALL, __VA_ARGS__)
      |                                                ^~~~~~~~~~~
src/common/net/net.c:434:16: warning: unknown conversion type character ‘l’ in format [-Wformat=]
  434 |     Com_Printf("Packets sent: %"PRIu64" (%"PRIu64" packets/sec)\n",
      |                ^~~~~~~~~~~~~~~~~
./inc/shared/shared.h:106:48: note: in definition of macro ‘Com_Printf’
  106 | #define Com_Printf(...) Com_LPrintf(PRINT_ALL, __VA_ARGS__)
      |                                                ^~~~~~~~~~~
src/common/net/net.c:434:16: warning: unknown conversion type character ‘l’ in format [-Wformat=]
  434 |     Com_Printf("Packets sent: %"PRIu64" (%"PRIu64" packets/sec)\n",
      |                ^~~~~~~~~~~~~~~~~
./inc/shared/shared.h:106:48: note: in definition of macro ‘Com_Printf’
  106 | #define Com_Printf(...) Com_LPrintf(PRINT_ALL, __VA_ARGS__)
      |                                                ^~~~~~~~~~~
src/common/net/net.c:434:16: warning: too many arguments for format [-Wformat-extra-args]
  434 |     Com_Printf("Packets sent: %"PRIu64" (%"PRIu64" packets/sec)\n",
      |                ^~~~~~~~~~~~~~~~~
./inc/shared/shared.h:106:48: note: in definition of macro ‘Com_Printf’
  106 | #define Com_Printf(...) Com_LPrintf(PRINT_ALL, __VA_ARGS__)
      |                                                ^~~~~~~~~~~
src/common/net/net.c:436:16: warning: unknown conversion type character ‘l’ in format [-Wformat=]
  436 |     Com_Printf("Packets rcvd: %"PRIu64" (%"PRIu64" packets/sec)\n",
      |                ^~~~~~~~~~~~~~~~~
./inc/shared/shared.h:106:48: note: in definition of macro ‘Com_Printf’
  106 | #define Com_Printf(...) Com_LPrintf(PRINT_ALL, __VA_ARGS__)
      |                                                ^~~~~~~~~~~
src/common/net/net.c:436:16: warning: unknown conversion type character ‘l’ in format [-Wformat=]
  436 |     Com_Printf("Packets rcvd: %"PRIu64" (%"PRIu64" packets/sec)\n",
      |                ^~~~~~~~~~~~~~~~~
./inc/shared/shared.h:106:48: note: in definition of macro ‘Com_Printf’
  106 | #define Com_Printf(...) Com_LPrintf(PRINT_ALL, __VA_ARGS__)
      |                                                ^~~~~~~~~~~
src/common/net/net.c:436:16: warning: too many arguments for format [-Wformat-extra-args]
  436 |     Com_Printf("Packets rcvd: %"PRIu64" (%"PRIu64" packets/sec)\n",
      |                ^~~~~~~~~~~~~~~~~
./inc/shared/shared.h:106:48: note: in definition of macro ‘Com_Printf’
  106 | #define Com_Printf(...) Com_LPrintf(PRINT_ALL, __VA_ARGS__)
      |                                                ^~~~~~~~~~~
src/common/net/net.c:439:16: warning: unknown conversion type character ‘l’ in format [-Wformat=]
  439 |     Com_Printf("Total errors: %"PRIu64"/%"PRIu64"/%"PRIu64" (send/recv/icmp)\n",
      |                ^~~~~~~~~~~~~~~~~
./inc/shared/shared.h:106:48: note: in definition of macro ‘Com_Printf’
  106 | #define Com_Printf(...) Com_LPrintf(PRINT_ALL, __VA_ARGS__)
      |                                                ^~~~~~~~~~~
src/common/net/net.c:439:16: warning: unknown conversion type character ‘l’ in format [-Wformat=]
  439 |     Com_Printf("Total errors: %"PRIu64"/%"PRIu64"/%"PRIu64" (send/recv/icmp)\n",
      |                ^~~~~~~~~~~~~~~~~
./inc/shared/shared.h:106:48: note: in definition of macro ‘Com_Printf’
  106 | #define Com_Printf(...) Com_LPrintf(PRINT_ALL, __VA_ARGS__)
      |                                                ^~~~~~~~~~~
src/common/net/net.c:439:16: warning: unknown conversion type character ‘l’ in format [-Wformat=]
  439 |     Com_Printf("Total errors: %"PRIu64"/%"PRIu64"/%"PRIu64" (send/recv/icmp)\n",
      |                ^~~~~~~~~~~~~~~~~
./inc/shared/shared.h:106:48: note: in definition of macro ‘Com_Printf’
  106 | #define Com_Printf(...) Com_LPrintf(PRINT_ALL, __VA_ARGS__)
      |                                                ^~~~~~~~~~~
src/common/net/net.c:439:16: warning: too many arguments for format [-Wformat-extra-args]
  439 |     Com_Printf("Total errors: %"PRIu64"/%"PRIu64"/%"PRIu64" (send/recv/icmp)\n",
      |                ^~~~~~~~~~~~~~~~~
./inc/shared/shared.h:106:48: note: in definition of macro ‘Com_Printf’
  106 | #define Com_Printf(...) Com_LPrintf(PRINT_ALL, __VA_ARGS__)
      |                                                ^~~~~~~~~~~
[CC] .q2pro/src/common/pmove.o
[CC] .q2pro/src/common/prompt.o
[CC] .q2pro/src/common/sizebuf.o
[CC] .q2pro/src/common/utils.o
[CC] .q2pro/src/common/zone.o
[CC] .q2pro/src/shared/shared.o
src/shared/shared.c:144:19: warning: ‘hexchars’ defined but not used [-Wunused-const-variable=]
  144 | static const char hexchars[] = "0123456789ABCDEF";
      |                   ^~~~~~~~
[CC] .q2pro/src/shared/m_flash.o
[CC] .q2pro/src/client/ascii.o
[CC] .q2pro/src/client/console.o
[CC] .q2pro/src/client/crc.o
[CC] .q2pro/src/client/demo.o
[CC] .q2pro/src/client/download.o
[CC] .q2pro/src/client/effects.o
[CC] .q2pro/src/client/entities.o
src/client/effects.c: In function ‘CL_InitEffects’:
src/client/effects.c:1881:27: warning: iteration 3 invokes undefined behavior [-Waggressive-loop-optimizations]
 1881 |         avelocities[0][i] = (rand() & 255) * 0.01;
      |         ~~~~~~~~~~~~~~~~~~^~~~~~~~~~~~~~~~~~~~~~~
src/client/effects.c:1880:5: note: within this loop
 1880 |     for (i = 0; i < NUMVERTEXNORMALS * 3; i++)
      |     ^~~
[CC] .q2pro/src/client/input.o
[CC] .q2pro/src/client/keys.o
[CC] .q2pro/src/client/locs.o
[CC] .q2pro/src/client/main.o
[CC] .q2pro/src/client/newfx.o
[CC] .q2pro/src/client/parse.o
[CC] .q2pro/src/client/precache.o
[CC] .q2pro/src/client/predict.o
[CC] .q2pro/src/client/refresh.o
[CC] .q2pro/src/client/screen.o
[CC] .q2pro/src/client/tent.o
[CC] .q2pro/src/client/view.o
[CC] .q2pro/src/client/sound/main.o
[CC] .q2pro/src/client/sound/mem.o
[CC] .q2pro/src/refresh/images.o
[CC] .q2pro/src/refresh/models.o
[CC] .q2pro/src/server/commands.o
[CC] .q2pro/src/server/entities.o
[CC] .q2pro/src/server/game.o
[CC] .q2pro/src/server/init.o
[CC] .q2pro/src/server/save.o
[CC] .q2pro/src/server/send.o
[CC] .q2pro/src/server/main.o
[CC] .q2pro/src/server/user.o
[CC] .q2pro/src/server/world.o
[CC] .q2pro/src/client/sound/mix.o
[CC] .q2pro/src/client/sound/dma.o
[CC] .q2pro/src/client/ui/demos.o
[CC] .q2pro/src/client/ui/menu.o
[CC] .q2pro/src/client/ui/playerconfig.o
[CC] .q2pro/src/client/ui/playermodels.o
[CC] .q2pro/src/client/ui/script.o
[CC] .q2pro/src/client/ui/servers.o
[CC] .q2pro/src/client/ui/ui.o
[CC] .q2pro/src/refresh/gl/draw.o
[CC] .q2pro/src/refresh/gl/images.o
[CC] .q2pro/src/refresh/gl/main.o
[CC] .q2pro/src/refresh/gl/mesh.o
[CC] .q2pro/src/refresh/gl/models.o
[CC] .q2pro/src/refresh/gl/sky.o
[CC] .q2pro/src/refresh/gl/state.o
[CC] .q2pro/src/refresh/gl/surf.o
[CC] .q2pro/src/refresh/gl/tess.o
[CC] .q2pro/src/refresh/gl/world.o
[CC] .q2pro/src/refresh/gl/qgl.o
[CC] .q2pro/src/refresh/gl/vcr_effect.o
[CC] .q2pro/src/windows/client.o
[CC] .q2pro/src/windows/wave.o
src/refresh/gl/vcr_effect.c: In function ‘vcr_draw_char’:
src/refresh/gl/vcr_effect.c:271:32: warning: unused variable ‘font_data’ [-Wunused-variable]
  271 |     static const unsigned char font_data[128][7] = {
      |                                ^~~~~~~~~
At top level:
src/refresh/gl/vcr_effect.c:702:13: warning: ‘vcr_draw_tape_damage’ defined but not used [-Wunused-function]
  702 | static void vcr_draw_tape_damage(float intensity)
      |             ^~~~~~~~~~~~~~~~~~~~
src/refresh/gl/vcr_effect.c:673:13: warning: ‘vcr_draw_static_burst’ defined but not used [-Wunused-function]
  673 | static void vcr_draw_static_burst(float intensity)
      |             ^~~~~~~~~~~~~~~~~~~~~
src/refresh/gl/vcr_effect.c:486:13: warning: ‘vcr_draw_cctv_overlay’ defined but not used [-Wunused-function]
  486 | static void vcr_draw_cctv_overlay(float intensity, float time)
      |             ^~~~~~~~~~~~~~~~~~~~~
src/refresh/gl/vcr_effect.c:476:13: warning: ‘vcr_draw_color_separation’ defined but not used [-Wunused-function]
  476 | static void vcr_draw_color_separation(float intensity)
      |             ^~~~~~~~~~~~~~~~~~~~~~~~~
src/refresh/gl/vcr_effect.c:439:13: warning: ‘vcr_draw_tracking_lines’ defined but not used [-Wunused-function]
  439 | static void vcr_draw_tracking_lines(float time)
      |             ^~~~~~~~~~~~~~~~~~~~~~~
src/refresh/gl/vcr_effect.c:400:13: warning: ‘vcr_draw_scanlines’ defined but not used [-Wunused-function]
  400 | static void vcr_draw_scanlines(float alpha, int skip)
      |             ^~~~~~~~~~~~~~~~~~
src/refresh/gl/vcr_effect.c:285:13: warning: ‘vcr_draw_text’ defined but not used [-Wunused-function]
  285 | static void vcr_draw_text(float x, float y, const char *text, float size,
      |             ^~~~~~~~~~~~~
[CC] .q2pro/src/windows/glimp.o
[CC] .q2pro/src/windows/wgl.o
[CC] .q2pro/src/windows/hunk.o
[CC] .q2pro/src/windows/system.o
[CC] .q2pro/src/common/x86/fpu.o
[LD] q2pro_update.exe
